[2013-10-04 19:33:17] phpDocumentor.INFO: Collecting files ..  [] []
[2013-10-04 19:33:17] phpDocumentor.INFO: OK [] []
[2013-10-04 19:33:17] phpDocumentor.INFO: Initializing parser ..  [] []
[2013-10-04 19:33:17] phpDocumentor.INFO: OK [] []
[2013-10-04 19:33:17] phpDocumentor.INFO: Parsing files [] []
[2013-10-04 19:33:17] phpDocumentor.INFO: Parsing /var/lib/stickshift/524f0b3b500446bbb7000001/app-root/data/636921/src/index.php [] []
[2013-10-04 19:33:17] phpDocumentor.INFO:   No summary was found for this file [] []
[2013-10-04 19:33:17] phpDocumentor.INFO: Parsing /var/lib/stickshift/524f0b3b500446bbb7000001/app-root/data/636921/src/backbone.php [] []
[2013-10-04 19:33:17] phpDocumentor.INFO:   No summary was found for this file [] []
[2013-10-04 19:33:17] phpDocumentor.INFO: Parsing /var/lib/stickshift/524f0b3b500446bbb7000001/app-root/data/636921/src/backbone/DataMap.class.php [] []
[2013-10-04 19:33:17] phpDocumentor.INFO: Parsing /var/lib/stickshift/524f0b3b500446bbb7000001/app-root/data/636921/src/backbone/Sanitize.class.php [] []
[2013-10-04 19:33:17] phpDocumentor.INFO: Parsing /var/lib/stickshift/524f0b3b500446bbb7000001/app-root/data/636921/src/backbone/Model.class.php [] []
[2013-10-04 19:33:17] phpDocumentor.INFO: Parsing /var/lib/stickshift/524f0b3b500446bbb7000001/app-root/data/636921/src/backbone/Events.class.php [] []
[2013-10-04 19:33:18] phpDocumentor.INFO: Parsing /var/lib/stickshift/524f0b3b500446bbb7000001/app-root/data/636921/src/backbone/MySQL.class.php [] []
[2013-10-04 19:33:18] phpDocumentor.INFO: Parsing /var/lib/stickshift/524f0b3b500446bbb7000001/app-root/data/636921/src/backbone/Html.class.php [] []
[2013-10-04 19:33:18] phpDocumentor.INFO: Parsing /var/lib/stickshift/524f0b3b500446bbb7000001/app-root/data/636921/src/backbone/Backbone.class.php [] []
[2013-10-04 19:33:18] phpDocumentor.INFO:   No summary was found for this file [] []
[2013-10-04 19:33:18] phpDocumentor.INFO: Parsing /var/lib/stickshift/524f0b3b500446bbb7000001/app-root/data/636921/src/backbone/Router.class.php [] []
[2013-10-04 19:33:19] phpDocumentor.INFO: Parsing /var/lib/stickshift/524f0b3b500446bbb7000001/app-root/data/636921/src/backbone/Collection.class.php [] []
[2013-10-04 19:33:19] phpDocumentor.INFO: Parsing /var/lib/stickshift/524f0b3b500446bbb7000001/app-root/data/636921/src/backbone/Schema.class.php [] []
[2013-10-04 19:33:19] phpDocumentor.INFO: Parsing /var/lib/stickshift/524f0b3b500446bbb7000001/app-root/data/636921/src/backbone/Request.class.php [] []
[2013-10-04 19:33:20] phpDocumentor.INFO: Parsing /var/lib/stickshift/524f0b3b500446bbb7000001/app-root/data/636921/src/backbone/Validate.class.php [] []
[2013-10-04 19:33:20] phpDocumentor.INFO: Parsing /var/lib/stickshift/524f0b3b500446bbb7000001/app-root/data/636921/src/backbone/View.class.php [] []
[2013-10-04 19:33:20] phpDocumentor.INFO: Parsing /var/lib/stickshift/524f0b3b500446bbb7000001/app-root/data/636921/src/backbone/Response.class.php [] []
[2013-10-04 19:33:20] phpDocumentor.INFO: Parsing /var/lib/stickshift/524f0b3b500446bbb7000001/app-root/data/636921/src/backbone/DataSource.class.php [] []
[2013-10-04 19:33:20] phpDocumentor.INFO: Parsing /var/lib/stickshift/524f0b3b500446bbb7000001/app-root/data/636921/src/backbone/Connections.class.php [] []
[2013-10-04 19:33:20] phpDocumentor.INFO:   No summary for property $_connections [] []
[2013-10-04 19:33:20] phpDocumentor.INFO: Parsing /var/lib/stickshift/524f0b3b500446bbb7000001/app-root/data/636921/src/boot.php [] []
[2013-10-04 19:33:21] phpDocumentor.INFO: Parsing /var/lib/stickshift/524f0b3b500446bbb7000001/app-root/data/636921/src/config.php [] []
[2013-10-04 19:33:21] phpDocumentor.INFO:   No summary was found for this file [] []
[2013-10-04 19:33:21] phpDocumentor.INFO: Storing cache in "/var/lib/stickshift/524f0b3b500446bbb7000001/app-root/data/636921/docs" ..  [] []
[2013-10-04 19:33:21] phpDocumentor.INFO: OK [] []
[2013-10-04 19:33:21] phpDocumentor.INFO: Load cache                                                           ..  [] []
[2013-10-04 19:33:21] phpDocumentor.INFO:    0.050s [] []
[2013-10-04 19:33:21] phpDocumentor.INFO: Preparing template "clean"                                           ..  [] []
[2013-10-04 19:33:21] phpDocumentor.INFO:    0.064s [] []
[2013-10-04 19:33:21] phpDocumentor.INFO: Preparing 15 transformations                                         ..  [] []
[2013-10-04 19:33:21] phpDocumentor.INFO:    0.000s [] []
[2013-10-04 19:33:21] phpDocumentor.INFO: Build "elements" index                                               ..  [] []
[2013-10-04 19:33:21] phpDocumentor.INFO:    0.008s [] []
[2013-10-04 19:33:21] phpDocumentor.INFO: Replace textual FQCNs with object aliases                            ..  [] []
[2013-10-04 19:33:21] phpDocumentor.INFO:    0.199s [] []
[2013-10-04 19:33:21] phpDocumentor.INFO: Build "packages" index                                               ..  [] []
[2013-10-04 19:33:21] phpDocumentor.INFO:    0.013s [] []
[2013-10-04 19:33:21] phpDocumentor.INFO: Build "namespaces" index and add namespaces to "elements"            ..  [] []
[2013-10-04 19:33:21] phpDocumentor.INFO:    0.014s [] []
[2013-10-04 19:33:21] phpDocumentor.INFO: Transform analyzed project into artifacts                            ..  [] []
